<?xml version="1.0" encoding="UTF-8"?>
<testsuite xmlns:xsi="http://www.w3.org/2001/XMLSchema-instance" xsi:noNamespaceSchemaLocation="https://maven.apache.org/surefire/maven-surefire-plugin/xsd/surefire-test-report.xsd" version="3.0.2" name="com.exemplo.aula_ebac.Aula2MonolitosVsMicrosservicosApplicationTests" time="2.799" tests="1" errors="0" skipped="0" failures="0">
  <properties>
[...]
</properties>
  <testcase name="contextLoads" classname="com.exemplo.aula_ebac.Aula2MonolitosVsMicrosservicosApplicationTests" time="0.701">
    <system-out><![CDATA[20:55:19.853 [main] INFO org.springframework.test.context.support.AnnotationConfigContextLoaderUtils -- Could not detect default configuration classes for test class [com.exemplo.aula_ebac.Aula2MonolitosVsMicrosservicosApplicationTests]: Aula2MonolitosVsMicrosservicosApplicationTests does not declare any static, non-private, non-final, nested classes annotated with @Configuration.
20:55:20.004 [main] INFO org.springframework.boot.test.context.SpringBootTestContextBootstrapper -- Found @SpringBootConfiguration com.exemplo.aula_ebac.Aula2MonolitosVsMicrosservicosApplication for test class com.exemplo.aula_ebac.Aula2MonolitosVsMicrosservicosApplicationTests
20:55:20.253 [main] INFO org.springframework.boot.devtools.restart.RestartApplicationListener -- Restart disabled due to context in which it is running

  .   ____          _            __ _ _
 /\\ / ___'_ __ _ _(_)_ __  __ _ \ \ \ \
( ( )\___ | '_ | '_| | '_ \/ _` | \ \ \ \
 \\/  ___)| |_)| | | | | || (_| |  ) ) ) )
  '  |____| .__|_| |_|_| |_\__, | / / / /
 =========|_|==============|___/=/_/_/_/

 :: Spring Boot ::                (v3.5.0)

2025-06-19T20:55:20.575-03:00  INFO 27256 --- [aula-2-Monolitos-vs-microsservicos] [           main] onolitosVsMicrosservicosApplicationTests : Starting Aula2MonolitosVsMicrosservicosApplicationTests using Java 23 with PID 27256 (started by calle in C:\Users\calle\ebac-aulas-2-backend\codigos\c19-APIS-e-paginas-geradas-pelo-servidor\aula-2-Monolitos-vs-microsservicos\demo)
2025-06-19T20:55:20.576-03:00  INFO 27256 --- [aula-2-Monolitos-vs-microsservicos] [           main] onolitosVsMicrosservicosApplicationTests : No active profile set, falling back to 1 default profile: "default"
2025-06-19T20:55:21.688-03:00  WARN 27256 --- [aula-2-Monolitos-vs-microsservicos] [           main] ion$DefaultTemplateResolverConfiguration : Cannot find template location: classpath:/templates/ (please add some templates, check your Thymeleaf configuration, or set spring.thymeleaf.check-template-location=false)
2025-06-19T20:55:21.780-03:00  INFO 27256 --- [aula-2-Monolitos-vs-microsservicos] [           main] onolitosVsMicrosservicosApplicationTests : Started Aula2MonolitosVsMicrosservicosApplicationTests in 1.541 seconds (process running for 2.85)
]]></system-out>
    <system-err><![CDATA[Mockito is currently self-attaching to enable the inline-mock-maker. This will no longer work in future releases of the JDK. Please add Mockito as an agent to your build as described in Mockito's documentation: https://javadoc.io/doc/org.mockito/mockito-core/latest/org.mockito/org/mockito/Mockito.html#0.3
WARNING: A Java agent has been loaded dynamically (C:\Users\calle\.m2\repository\net\bytebuddy\byte-buddy-agent\1.17.5\byte-buddy-agent-1.17.5.jar)
WARNING: If a serviceability tool is in use, please run with -XX:+EnableDynamicAgentLoading to hide this warning
WARNING: If a serviceability tool is not in use, please run with -Djdk.instrument.traceUsage for more information
WARNING: Dynamic loading of agents will be disallowed by default in a future release
]]></system-err>
  </testcase>
</testsuite>