<?xml version="1.0" encoding="UTF-8"?>
<testsuite xmlns:xsi="http://www.w3.org/2001/XMLSchema-instance" xsi:noNamespaceSchemaLocation="https://maven.apache.org/surefire/maven-surefire-plugin/xsd/surefire-test-report-3.0.xsd" version="3.0" name="com.example.pizzaria.PizzariaApplicationTests" time="2.389" tests="1" errors="0" skipped="0" failures="0">
  <properties>
[...]
</properties>
  <testcase name="contextLoads" classname="com.example.pizzaria.PizzariaApplicationTests" time="0.766">
    <system-out><![CDATA[15:56:27.151 [main] INFO org.springframework.test.context.support.AnnotationConfigContextLoaderUtils -- Could not detect default configuration classes for test class [com.example.pizzaria.PizzariaApplicationTests]: PizzariaApplicationTests does not declare any static, non-private, non-final, nested classes annotated with @Configuration.
15:56:27.241 [main] INFO org.springframework.boot.test.context.SpringBootTestContextBootstrapper -- Found @SpringBootConfiguration com.example.pizzaria.PizzariaApplication for test class com.example.pizzaria.PizzariaApplicationTests
15:56:27.386 [main] INFO org.springframework.boot.devtools.restart.RestartApplicationListener -- Restart disabled due to context in which it is running

  .   ____          _            __ _ _
 /\\ / ___'_ __ _ _(_)_ __  __ _ \ \ \ \
( ( )\___ | '_ | '_| | '_ \/ _` | \ \ \ \
 \\/  ___)| |_)| | | | | || (_| |  ) ) ) )
  '  |____| .__|_| |_|_| |_\__, | / / / /
 =========|_|==============|___/=/_/_/_/
 :: Spring Boot ::                (v3.2.0)

2023-11-29T15:56:27.591-03:00  INFO 24340 --- [           main] c.e.pizzaria.PizzariaApplicationTests    : Starting PizzariaApplicationTests using Java 20.0.1 with PID 24340 (started by calle in C:\pizzaria\pizzaria)
2023-11-29T15:56:27.593-03:00  INFO 24340 --- [           main] c.e.pizzaria.PizzariaApplicationTests    : No active profile set, falling back to 1 default profile: "default"
2023-11-29T15:56:28.615-03:00  INFO 24340 --- [           main] c.e.pizzaria.PizzariaApplicationTests    : Started PizzariaApplicationTests in 1.24 seconds (process running for 2.128)
]]></system-out>
  </testcase>
</testsuite>